/opt/miniconda3/envs/warprec/lib/python3.12/site-packages/torch/cuda/__init__.py:61: FutureWarning: The pynvml package is deprecated. Please install nvidia-ml-py instead. If you did not install pynvml directly, please report this to the maintainers of the package that installed pynvml for you.
  import pynvml  # type: ignore[import]
/opt/miniconda3/envs/warprec/lib/python3.12/site-packages/hyperopt/atpe.py:19: UserWarning: pkg_resources is deprecated as an API. See https://setuptools.pypa.io/en/latest/pkg_resources.html. The pkg_resources package is slated for removal as early as 2025-11-30. Refrain from using this package or pin to Setuptools<81.
  import pkg_resources
09-03-2026 17:04:20 - WarpRec - đź“ť [37mStarting experiment.[0m
09-03-2026 17:04:20 - WarpRec - đź“ť [37mReading train configuration file in: config/gsasrec_legacy_split_raw.yml[0m
09-03-2026 17:04:20 - WarpRec - đź“ť [37mReading process completed correctly.[0m
09-03-2026 17:04:20 - WarpRec - đź“˘ [33mThe model gSASRec_gts is registered in the model registry, but not in parameter registry. The model will be loaded but the hyperparameter will not be validated.[0m
09-03-2026 17:04:20 - WarpRec - đź“˘ [33mThe model gSASRecJPQ is registered in the model registry, but not in parameter registry. The model will be loaded but the hyperparameter will not be validated.[0m
2026-03-09 17:04:20,444	INFO worker.py:1833 -- Connecting to existing Ray cluster at address: 10.74.0.61:6379...
2026-03-09 17:04:20,455	INFO worker.py:2004 -- Connected to Ray cluster. View the dashboard at [1m[32mhttp://127.0.0.1:8265 [39m[22m
/opt/miniconda3/envs/warprec/lib/python3.12/site-packages/ray/_private/worker.py:2052: FutureWarning: Tip: In future versions of Ray, Ray will no longer override accelerator visible devices env var if num_gpus=0 or num_gpus=None (default). To enable this behavior and turn off this error message, set RAY_ACCEL_ENV_VAR_OVERRIDE_ON_ZERO=0
  warnings.warn(
09-03-2026 17:04:20 - WarpRec - âś… [32mConnected to existing Ray cluster.[0m
09-03-2026 17:04:20 - WarpRec - đź“ť [37mSetting up experiment local folder.[0m
09-03-2026 17:04:20 - WarpRec - đź“ť [37mExperiment folder created successfully.[0m
09-03-2026 17:04:20 - WarpRec - đź“ť [37mStarting reading split process from: data/lastfm1k_30000/legacy_global_split_raw using polars[0m
09-03-2026 17:04:20 - WarpRec - đź“ť [37mCreating main dataset[0m
09-03-2026 17:04:21 - WarpRec - đź“ť [37m---------------------------------Train set---------------------------------[0m
09-03-2026 17:04:21 - WarpRec - đź“Š [36mNumber of users: 694      Number of items: 29110      Transactions: 4015823[0m
09-03-2026 17:04:21 - WarpRec - đź“ť [37m---------------------------------------------------------------------------[0m
09-03-2026 17:04:21 - WarpRec - đź“ť [37m---------------------------------Test set---------------------------------[0m
09-03-2026 17:04:21 - WarpRec - đź“Š [36mNumber of users: 694      Number of items: 22736      Transactions: 415405[0m
09-03-2026 17:04:21 - WarpRec - đź“ť [37m--------------------------------------------------------------------------[0m
09-03-2026 17:04:23 - WarpRec - đź“ť [37mCreating validation dataset[0m
09-03-2026 17:04:23 - WarpRec - đź“ť [37m---------------------------------Train set---------------------------------[0m
09-03-2026 17:04:23 - WarpRec - đź“Š [36mNumber of users: 694      Number of items: 29110      Transactions: 4015823[0m
09-03-2026 17:04:23 - WarpRec - đź“ť [37m---------------------------------------------------------------------------[0m
09-03-2026 17:04:23 - WarpRec - đź“ť [37m------------------------------Validation set-----------------------------[0m
09-03-2026 17:04:23 - WarpRec - đź“Š [36mNumber of users: 128      Number of items: 12626      Transactions: 65245[0m
09-03-2026 17:04:23 - WarpRec - đź“ť [37m-------------------------------------------------------------------------[0m
09-03-2026 17:04:24 - WarpRec - đź“ť [37mPreparing main dataset inner structures for evaluation.[0m
09-03-2026 17:04:24 - WarpRec - âś… [32mData preparation completed in 4.44 seconds.[0m
09-03-2026 17:04:24 - WarpRec - đź“˘ [33mValidation metric for this experiment has been set to: nDCG@40[0m
Traceback (most recent call last):
  File "<frozen runpy>", line 198, in _run_module_as_main
  File "<frozen runpy>", line 88, in _run_code
  File "/home/chiara/projects/warprec/warprec/run.py", line 66, in <module>
    main(cli_args)
  File "/home/chiara/projects/warprec/warprec/run.py", line 34, in main
    train_pipeline(path)
  File "/home/chiara/projects/warprec/warprec/pipelines/train.py", line 164, in train_pipeline
    best_model, ray_report, best_iter = single_split_flow(
                                        ^^^^^^^^^^^^^^^^^^
  File "/home/chiara/projects/warprec/warprec/pipelines/train.py", line 441, in single_split_flow
    best_model, ray_report, best_iter = trainer.train_single_fold(
                                        ^^^^^^^^^^^^^^^^^^^^^^^^^^
  File "/home/chiara/projects/warprec/warprec/recommenders/trainer/trainer.py", line 113, in train_single_fold
    tuner = self._setup_tuner(
            ^^^^^^^^^^^^^^^^^^
  File "/home/chiara/projects/warprec/warprec/recommenders/trainer/trainer.py", line 292, in _setup_tuner
    resources = self._get_resources(
                ^^^^^^^^^^^^^^^^^^^^
  File "/home/chiara/projects/warprec/warprec/recommenders/trainer/trainer.py", line 388, in _get_resources
    raise ValueError(
ValueError: Not enough resources in the cluster to allocate to the trial.
