/opt/miniconda3/envs/warprec/lib/python3.12/site-packages/torch/cuda/__init__.py:61: FutureWarning: The pynvml package is deprecated. Please install nvidia-ml-py instead. If you did not install pynvml directly, please report this to the maintainers of the package that installed pynvml for you.
  import pynvml  # type: ignore[import]
/opt/miniconda3/envs/warprec/lib/python3.12/site-packages/hyperopt/atpe.py:19: UserWarning: pkg_resources is deprecated as an API. See https://setuptools.pypa.io/en/latest/pkg_resources.html. The pkg_resources package is slated for removal as early as 2025-11-30. Refrain from using this package or pin to Setuptools<81.
  import pkg_resources
06-03-2026 11:05:15 - WarpRec - 📝 [37mStarting experiment.[0m
06-03-2026 11:05:15 - WarpRec - 📝 [37mReading train configuration file in: config/gsasrecjpq_legacy_split_raw.yml[0m
06-03-2026 11:05:15 - WarpRec - 📝 [37mReading process completed correctly.[0m
06-03-2026 11:05:15 - WarpRec - 📢 [33mThe model gSASRecJPQ is registered in the model registry, but not in parameter registry. The model will be loaded but the hyperparameter will not be validated.[0m
2026-03-06 11:05:15,238	INFO worker.py:1833 -- Connecting to existing Ray cluster at address: 10.74.0.61:6379...
2026-03-06 11:05:15,249	INFO worker.py:2004 -- Connected to Ray cluster. View the dashboard at [1m[32mhttp://127.0.0.1:8265 [39m[22m
/opt/miniconda3/envs/warprec/lib/python3.12/site-packages/ray/_private/worker.py:2052: FutureWarning: Tip: In future versions of Ray, Ray will no longer override accelerator visible devices env var if num_gpus=0 or num_gpus=None (default). To enable this behavior and turn off this error message, set RAY_ACCEL_ENV_VAR_OVERRIDE_ON_ZERO=0
  warnings.warn(
06-03-2026 11:05:15 - WarpRec - ✅ [32mConnected to existing Ray cluster.[0m
06-03-2026 11:05:15 - WarpRec - 📝 [37mSetting up experiment local folder.[0m
06-03-2026 11:05:15 - WarpRec - 📝 [37mExperiment folder created successfully.[0m
06-03-2026 11:05:15 - WarpRec - 📝 [37mStarting reading split process from: data/lastfm1k_30000/legacy_global_split_raw using polars[0m
06-03-2026 11:05:15 - WarpRec - 📝 [37mCreating main dataset[0m
06-03-2026 11:05:16 - WarpRec - 📝 [37m---------------------------------Train set---------------------------------[0m
06-03-2026 11:05:16 - WarpRec - 📊 [36mNumber of users: 694      Number of items: 29110      Transactions: 4015823[0m
06-03-2026 11:05:16 - WarpRec - 📝 [37m---------------------------------------------------------------------------[0m
06-03-2026 11:05:16 - WarpRec - 📝 [37m---------------------------------Test set---------------------------------[0m
06-03-2026 11:05:16 - WarpRec - 📊 [36mNumber of users: 694      Number of items: 22736      Transactions: 415405[0m
06-03-2026 11:05:16 - WarpRec - 📝 [37m--------------------------------------------------------------------------[0m
06-03-2026 11:05:17 - WarpRec - 📝 [37mCreating validation dataset[0m
06-03-2026 11:05:17 - WarpRec - 📝 [37m---------------------------------Train set---------------------------------[0m
06-03-2026 11:05:17 - WarpRec - 📊 [36mNumber of users: 694      Number of items: 29110      Transactions: 4015823[0m
06-03-2026 11:05:17 - WarpRec - 📝 [37m---------------------------------------------------------------------------[0m
06-03-2026 11:05:17 - WarpRec - 📝 [37m------------------------------Validation set-----------------------------[0m
06-03-2026 11:05:17 - WarpRec - 📊 [36mNumber of users: 128      Number of items: 12626      Transactions: 65245[0m
06-03-2026 11:05:17 - WarpRec - 📝 [37m-------------------------------------------------------------------------[0m
06-03-2026 11:05:18 - WarpRec - 📝 [37mPreparing main dataset inner structures for evaluation.[0m
06-03-2026 11:05:18 - WarpRec - ✅ [32mData preparation completed in 3.72 seconds.[0m
06-03-2026 11:05:18 - WarpRec - 📢 [33mValidation metric for this experiment has been set to: nDCG@40[0m
[36m(pid=4023599)[0m /opt/miniconda3/envs/warprec/lib/python3.12/site-packages/torch/cuda/__init__.py:61: FutureWarning: The pynvml package is deprecated. Please install nvidia-ml-py instead. If you did not install pynvml directly, please report this to the maintainers of the package that installed pynvml for you.
[36m(pid=4023599)[0m   import pynvml  # type: ignore[import]
[36m(pid=4023599)[0m /opt/miniconda3/envs/warprec/lib/python3.12/site-packages/hyperopt/atpe.py:19: UserWarning: pkg_resources is deprecated as an API. See https://setuptools.pypa.io/en/latest/pkg_resources.html. The pkg_resources package is slated for removal as early as 2025-11-30. Refrain from using this package or pin to Setuptools<81.
[36m(pid=4023599)[0m   import pkg_resources
[2026-03-06 11:05:32,705 E 4023347 4023347] core_worker.cc:2153: Actor with class name: '_WandbLoggingActor' and ID: '1605f57f4c52a63d906109c07b000000' has constructor arguments in the object store and max_restarts > 0. If the arguments in the object store go out of scope or are lost, the actor restart will fail. See https://github.com/ray-project/ray/issues/53727 for more details.
[36m(_WandbLoggingActor pid=4023697)[0m wandb: WARNING `start_method` is deprecated and will be removed in a future version of wandb. This setting is currently non-functional and safely ignored.
[36m(_WandbLoggingActor pid=4023697)[0m wandb: [wandb.login()] Loaded credentials for https://api.wandb.ai from WANDB_API_KEY.
[36m(_WandbLoggingActor pid=4023697)[0m wandb: Currently logged in as: chiaramallamaci043 (chiaramallamaci043-politecnico-di-bari) to https://api.wandb.ai. Use `wandb login --relogin` to force relogin
[36m(_WandbLoggingActor pid=4023697)[0m wandb: WARNING Using a boolean value for 'reinit' is deprecated. Use 'return_previous' or 'finish_previous' instead.
[36m(_WandbLoggingActor pid=4023697)[0m wandb: setting up run 5d8b4_00000
[36m(_WandbLoggingActor pid=4023697)[0m wandb: Tracking run with wandb version 0.25.0
[36m(_WandbLoggingActor pid=4023697)[0m wandb: Run data is saved locally in /tmp/ray/session_2026-02-26_08-49-46_656476_3292889/artifacts/2026-03-06_11-05-20/objective_function_2026-03-06_11-05-20/driver_artifacts/gSASRecJPQ_13fd16bb_0_attn_dropout_prob=0.2000,batch_size=64,centroid_strategy=svd,dropout_prob=0.2000,embedding_size=128,epochs=1_2026-03-06_11-05-20/wandb/run-20260306_110535-5d8b4_00000
[36m(_WandbLoggingActor pid=4023697)[0m wandb: Run `wandb offline` to turn off syncing.
[36m(_WandbLoggingActor pid=4023697)[0m wandb: Syncing run gSASRecJPQ_13fd16bb
[36m(_WandbLoggingActor pid=4023697)[0m wandb: ⭐️ View project at https://wandb.ai/chiaramallamaci043-politecnico-di-bari/RecJPQ
[36m(_WandbLoggingActor pid=4023697)[0m wandb: 🚀 View run at https://wandb.ai/chiaramallamaci043-politecnico-di-bari/RecJPQ/runs/5d8b4_00000
[36m(objective_function pid=4023599)[0m Checkpoint successfully created at: Checkpoint(filesystem=local, path=/home/chiara/projects/warprec/experiments/lastfm1k/legacy_split_raw_gsasrecjpq/lastfm1k_30000_legacy_split_raw_gsasrecjpq/ray_results/objective_function_2026-03-06_11-05-20/gSASRecJPQ_13fd16bb_0_attn_dropout_prob=0.2000,batch_size=64,centroid_strategy=svd,dropout_prob=0.2000,embedding_size=128,epochs=1_2026-03-06_11-05-20/checkpoint_000000)
[36m(objective_function pid=4023599)[0m Checkpoint successfully created at: Checkpoint(filesystem=local, path=/home/chiara/projects/warprec/experiments/lastfm1k/legacy_split_raw_gsasrecjpq/lastfm1k_30000_legacy_split_raw_gsasrecjpq/ray_results/objective_function_2026-03-06_11-05-20/gSASRecJPQ_13fd16bb_0_attn_dropout_prob=0.2000,batch_size=64,centroid_strategy=svd,dropout_prob=0.2000,embedding_size=128,epochs=1_2026-03-06_11-05-20/checkpoint_000001)
[36m(objective_function pid=4023599)[0m Checkpoint successfully created at: Checkpoint(filesystem=local, path=/home/chiara/projects/warprec/experiments/lastfm1k/legacy_split_raw_gsasrecjpq/lastfm1k_30000_legacy_split_raw_gsasrecjpq/ray_results/objective_function_2026-03-06_11-05-20/gSASRecJPQ_13fd16bb_0_attn_dropout_prob=0.2000,batch_size=64,centroid_strategy=svd,dropout_prob=0.2000,embedding_size=128,epochs=1_2026-03-06_11-05-20/checkpoint_000002)
*** SIGTERM received at time=1772795153 on cpu 9 ***
[36m(objective_function pid=4023599)[0m Checkpoint successfully created at: Checkpoint(filesystem=local, path=/home/chiara/projects/warprec/experiments/lastfm1k/legacy_split_raw_gsasrecjpq/lastfm1k_30000_legacy_split_raw_gsasrecjpq/ray_results/objective_function_2026-03-06_11-05-20/gSASRecJPQ_13fd16bb_0_attn_dropout_prob=0.2000,batch_size=64,centroid_strategy=svd,dropout_prob=0.2000,embedding_size=128,epochs=1_2026-03-06_11-05-20/checkpoint_000003)
PC: @     0x70682ea98d71  (unknown)  (unknown)
    @     0x70682ea45330       1536  (unknown)
    @     0x70682ea9b7ed        208  pthread_cond_wait
    @     0x70675e23581b  (unknown)  blas_thread_server
[2026-03-06 11:05:53,136 E 4023347 4023349] logging.cc:474: *** SIGTERM received at time=1772795153 on cpu 9 ***
[2026-03-06 11:05:53,136 E 4023347 4023349] logging.cc:474: PC: @     0x70682ea98d71  (unknown)  (unknown)
[2026-03-06 11:05:53,136 E 4023347 4023349] logging.cc:474:     @     0x70682ea45330       1536  (unknown)
[2026-03-06 11:05:53,136 E 4023347 4023349] logging.cc:474:     @     0x70682ea9b7ed        208  pthread_cond_wait
[2026-03-06 11:05:53,136 E 4023347 4023349] logging.cc:474:     @     0x70675e23581b  (unknown)  blas_thread_server
[36m(_WandbLoggingActor pid=4023697)[0m wandb: updating run metadata
[36m(_WandbLoggingActor pid=4023697)[0m wandb: uploading wandb-summary.json; uploading config.yaml
[36m(_WandbLoggingActor pid=4023697)[0m wandb: uploading config.yaml
[36m(_WandbLoggingActor pid=4023697)[0m wandb: 
[36m(_WandbLoggingActor pid=4023697)[0m wandb: Run history:
[36m(_WandbLoggingActor pid=4023697)[0m wandb:             best_nDCG@40 ▁▁▁
[36m(_WandbLoggingActor pid=4023697)[0m wandb: iterations_since_restore ▁▅█
[36m(_WandbLoggingActor pid=4023697)[0m wandb:                     loss █▁▁
[36m(_WandbLoggingActor pid=4023697)[0m wandb:                  nDCG@40 ▁▁▁
[36m(_WandbLoggingActor pid=4023697)[0m wandb:              ram_peak_mb ▁█▁
[36m(_WandbLoggingActor pid=4023697)[0m wandb:       time_since_restore ▁▅█
[36m(_WandbLoggingActor pid=4023697)[0m wandb:         time_this_iter_s █▁▁
[36m(_WandbLoggingActor pid=4023697)[0m wandb:             time_total_s ▁▅█
[36m(_WandbLoggingActor pid=4023697)[0m wandb:                timestamp ▁▁▁
[36m(_WandbLoggingActor pid=4023697)[0m wandb:       training_iteration ▁▅█
[36m(_WandbLoggingActor pid=4023697)[0m wandb:                       +2 ...
[36m(_WandbLoggingActor pid=4023697)[0m wandb: 
[36m(_WandbLoggingActor pid=4023697)[0m wandb: Run summary:
[36m(_WandbLoggingActor pid=4023697)[0m wandb:             best_nDCG@40 0.00555
[36m(_WandbLoggingActor pid=4023697)[0m wandb: iterations_since_restore 3
[36m(_WandbLoggingActor pid=4023697)[0m wandb:                     loss 0.01351
[36m(_WandbLoggingActor pid=4023697)[0m wandb:                  nDCG@40 0.00555
[36m(_WandbLoggingActor pid=4023697)[0m wandb:              ram_peak_mb 3937.14844
[36m(_WandbLoggingActor pid=4023697)[0m wandb:       time_since_restore 15.16276
[36m(_WandbLoggingActor pid=4023697)[0m wandb:         time_this_iter_s 1.56662
[36m(_WandbLoggingActor pid=4023697)[0m wandb:             time_total_s 15.16276
[36m(_WandbLoggingActor pid=4023697)[0m wandb:                timestamp 1772795148
[36m(_WandbLoggingActor pid=4023697)[0m wandb:       training_iteration 3
[36m(_WandbLoggingActor pid=4023697)[0m wandb:                       +2 ...
[36m(_WandbLoggingActor pid=4023697)[0m wandb: 
[36m(_WandbLoggingActor pid=4023697)[0m wandb: 🚀 View run gSASRecJPQ_13fd16bb at: https://wandb.ai/chiaramallamaci043-politecnico-di-bari/RecJPQ/runs/5d8b4_00000
[36m(_WandbLoggingActor pid=4023697)[0m wandb: ⭐️ View project at: https://wandb.ai/chiaramallamaci043-politecnico-di-bari/RecJPQ
[36m(_WandbLoggingActor pid=4023697)[0m wandb: Synced 4 W&B file(s), 0 media file(s), 0 artifact file(s) and 0 other file(s)
[36m(_WandbLoggingActor pid=4023697)[0m wandb: Find logs at: ./wandb/run-20260306_110535-5d8b4_00000/logs
╭───────────────────────────────────────────────────────────────────────────╮
│ Configuration for experiment     objective_function_2026-03-06_11-05-20   │
├───────────────────────────────────────────────────────────────────────────┤
│ Search algorithm                 BasicVariantGenerator                    │
│ Scheduler                        FIFOSchedulerWrapper                     │
│ Number of trials                 6                                        │
╰───────────────────────────────────────────────────────────────────────────╯

View detailed results here: /home/chiara/projects/warprec/experiments/lastfm1k/legacy_split_raw_gsasrecjpq/lastfm1k_30000_legacy_split_raw_gsasrecjpq/ray_results/objective_function_2026-03-06_11-05-20
To visualize your results with TensorBoard, run: `tensorboard --logdir /tmp/ray/session_2026-02-26_08-49-46_656476_3292889/artifacts/2026-03-06_11-05-20/objective_function_2026-03-06_11-05-20/driver_artifacts`

Trial status: 6 PENDING
Current time: 2026-03-06 11:05:20. Total running time: 0s
Logical resource usage: 0/12 CPUs, 0/2 GPUs (0.0/1.0 accelerator_type:G)
╭──────────────────────────────────────────────────────────────────────────────────────────────────────────────────────────────────────────────────────────────────────────────────────────────────────────────────────────────────────────────────────────────────────────╮
│ Trial name            status       embedding_size     n_layers     n_heads     inner_size     dropout_prob     attn_dropout_prob     weight_decay     batch_size     epochs     learning_rate     max_seq_len     pq_m   centroid_strategy       gbce_t     negs_per_pos │
├──────────────────────────────────────────────────────────────────────────────────────────────────────────────────────────────────────────────────────────────────────────────────────────────────────────────────────────────────────────────────────────────────────────┤
│ gSASRecJPQ_13fd16bb   PENDING                 128            2           2            128              0.2                   0.2                0             64      10000             0.001             150        2   svd                       0.75              256 │
│ gSASRecJPQ_c8940056   PENDING                 128            2           2            128              0.2                   0.2                0             64      10000             0.001             150        4   svd                       0.75              256 │
│ gSASRecJPQ_97bcf5fb   PENDING                 128            2           2            128              0.2                   0.2                0             64      10000             0.001             150        8   svd                       0.75              256 │
│ gSASRecJPQ_a001dc7d   PENDING                 128            2           2            128              0.2                   0.2                0             64      10000             0.001             150       16   svd                       0.75              256 │
│ gSASRecJPQ_ce3a557e   PENDING                 128            2           2            128              0.2                   0.2                0             64      10000             0.001             150       32   svd                       0.75              256 │
│ gSASRecJPQ_2fd8f425   PENDING                 128            2           2            128              0.2                   0.2                0             64      10000             0.001             150       64   svd                       0.75              256 │
╰──────────────────────────────────────────────────────────────────────────────────────────────────────────────────────────────────────────────────────────────────────────────────────────────────────────────────────────────────────────────────────────────────────────╯

Trial gSASRecJPQ_13fd16bb started with configuration:
╭────────────────────────────────────────────╮
│ Trial gSASRecJPQ_13fd16bb config           │
├────────────────────────────────────────────┤
│ attn_dropout_prob                      0.2 │
│ batch_size                              64 │
│ centroid_strategy                      svd │
│ dropout_prob                           0.2 │
│ embedding_size                         128 │
│ epochs                               10000 │
│ gbce_t                                0.75 │
│ inner_size                             128 │
│ learning_rate                        0.001 │
│ max_seq_len                            150 │
│ n_heads                                  2 │
│ n_layers                                 2 │
│ negs_per_pos                           256 │
│ pq_m                                     2 │
│ weight_decay                            0. │
╰────────────────────────────────────────────╯
[36m(objective_function pid=4023599)[0m 
[36m(objective_function pid=4023599)[0m [DEBUG ItemCodeLayer] Centroids Initialized.
[36m(objective_function pid=4023599)[0m   > Shape: torch.Size([2, 256, 64]) (Bytes, Vals, SubDim)
[36m(objective_function pid=4023599)[0m   > Mean: -0.000260
[36m(objective_function pid=4023599)[0m   > Std:  0.028956
[36m(objective_function pid=4023599)[0m   > Min/Max: -0.0500 / 0.0500

Trial status: 1 RUNNING | 5 PENDING
Current time: 2026-03-06 11:05:53. Total running time: 32s
Logical resource usage: 12.0/12 CPUs, 1.0/2 GPUs (0.0/1.0 accelerator_type:G)
Current best trial: 5d8b4_00000 with nDCG@40=0.0055478340946137905 and params={'embedding_size': 128, 'n_layers': 2, 'n_heads': 2, 'inner_size': 128, 'dropout_prob': 0.2, 'attn_dropout_prob': 0.2, 'weight_decay': 0.0, 'batch_size': 64, 'epochs': 10000, 'learning_rate': 0.001, 'max_seq_len': 150, 'pq_m': 2, 'centroid_strategy': 'svd', 'gbce_t': 0.75, 'negs_per_pos': 256}
