/opt/miniconda3/envs/warprec/lib/python3.12/site-packages/torch/cuda/__init__.py:61: FutureWarning: The pynvml package is deprecated. Please install nvidia-ml-py instead. If you did not install pynvml directly, please report this to the maintainers of the package that installed pynvml for you.
  import pynvml  # type: ignore[import]
/opt/miniconda3/envs/warprec/lib/python3.12/site-packages/hyperopt/atpe.py:19: UserWarning: pkg_resources is deprecated as an API. See https://setuptools.pypa.io/en/latest/pkg_resources.html. The pkg_resources package is slated for removal as early as 2025-11-30. Refrain from using this package or pin to Setuptools<81.
  import pkg_resources
06-03-2026 10:38:21 - WarpRec - 📝 [37mStarting experiment.[0m
06-03-2026 10:38:21 - WarpRec - 📝 [37mReading train configuration file in: config/sequential_legacy_split_raw_sasjpq.yml[0m
06-03-2026 10:38:21 - WarpRec - 📝 [37mReading process completed correctly.[0m
06-03-2026 10:38:21 - WarpRec - 📢 [33mThe model SASRec_gts is registered in the model registry, but not in parameter registry. The model will be loaded but the hyperparameter will not be validated.[0m
2026-03-06 10:38:21,428	INFO worker.py:1833 -- Connecting to existing Ray cluster at address: 10.74.0.61:6379...
2026-03-06 10:38:21,440	INFO worker.py:2004 -- Connected to Ray cluster. View the dashboard at [1m[32mhttp://127.0.0.1:8265 [39m[22m
2026-03-06 10:38:21,447	INFO packaging.py:588 -- Creating a file package for local module 'warprec_recjpq'.
2026-03-06 10:38:21,454	INFO packaging.py:380 -- Pushing file package 'gcs://_ray_pkg_1e2c376a96eb6bce.zip' (0.19MiB) to Ray cluster...
2026-03-06 10:38:21,455	INFO packaging.py:393 -- Successfully pushed file package 'gcs://_ray_pkg_1e2c376a96eb6bce.zip'.
2026-03-06 10:38:21,548	INFO packaging.py:588 -- Creating a file package for local module 'warprec'.
2026-03-06 10:38:21,679	INFO packaging.py:380 -- Pushing file package 'gcs://_ray_pkg_475ff2426f9440bd.zip' (3.15MiB) to Ray cluster...
2026-03-06 10:38:21,696	INFO packaging.py:393 -- Successfully pushed file package 'gcs://_ray_pkg_475ff2426f9440bd.zip'.
/opt/miniconda3/envs/warprec/lib/python3.12/site-packages/ray/_private/worker.py:2052: FutureWarning: Tip: In future versions of Ray, Ray will no longer override accelerator visible devices env var if num_gpus=0 or num_gpus=None (default). To enable this behavior and turn off this error message, set RAY_ACCEL_ENV_VAR_OVERRIDE_ON_ZERO=0
  warnings.warn(
06-03-2026 10:38:21 - WarpRec - ✅ [32mConnected to existing Ray cluster.[0m
06-03-2026 10:38:21 - WarpRec - 📝 [37mSetting up experiment local folder.[0m
06-03-2026 10:38:21 - WarpRec - 📝 [37mExperiment folder created successfully.[0m
06-03-2026 10:38:21 - WarpRec - 📝 [37mStarting reading split process from: data/lastfm1k_30000/legacy_global_split_raw using polars[0m
06-03-2026 10:38:21 - WarpRec - 📝 [37mCreating main dataset[0m
06-03-2026 10:38:22 - WarpRec - 📝 [37m---------------------------------Train set---------------------------------[0m
06-03-2026 10:38:22 - WarpRec - 📊 [36mNumber of users: 694      Number of items: 29110      Transactions: 4015823[0m
06-03-2026 10:38:22 - WarpRec - 📝 [37m---------------------------------------------------------------------------[0m
06-03-2026 10:38:22 - WarpRec - 📝 [37m---------------------------------Test set---------------------------------[0m
06-03-2026 10:38:22 - WarpRec - 📊 [36mNumber of users: 694      Number of items: 22736      Transactions: 415405[0m
06-03-2026 10:38:22 - WarpRec - 📝 [37m--------------------------------------------------------------------------[0m
06-03-2026 10:38:23 - WarpRec - 📝 [37mCreating validation dataset[0m
06-03-2026 10:38:24 - WarpRec - 📝 [37m---------------------------------Train set---------------------------------[0m
06-03-2026 10:38:24 - WarpRec - 📊 [36mNumber of users: 694      Number of items: 29110      Transactions: 4015823[0m
06-03-2026 10:38:24 - WarpRec - 📝 [37m---------------------------------------------------------------------------[0m
06-03-2026 10:38:24 - WarpRec - 📝 [37m------------------------------Validation set-----------------------------[0m
06-03-2026 10:38:24 - WarpRec - 📊 [36mNumber of users: 128      Number of items: 12626      Transactions: 65245[0m
06-03-2026 10:38:24 - WarpRec - 📝 [37m-------------------------------------------------------------------------[0m
06-03-2026 10:38:25 - WarpRec - 📝 [37mPreparing main dataset inner structures for evaluation.[0m
06-03-2026 10:38:25 - WarpRec - ✅ [32mData preparation completed in 3.90 seconds.[0m
06-03-2026 10:38:25 - WarpRec - 📢 [33mValidation metric for this experiment has been set to: nDCG@40[0m
[36m(pid=4016409)[0m /opt/miniconda3/envs/warprec/lib/python3.12/site-packages/torch/cuda/__init__.py:61: FutureWarning: The pynvml package is deprecated. Please install nvidia-ml-py instead. If you did not install pynvml directly, please report this to the maintainers of the package that installed pynvml for you.
[36m(pid=4016409)[0m   import pynvml  # type: ignore[import]
[36m(pid=4016409)[0m /opt/miniconda3/envs/warprec/lib/python3.12/site-packages/hyperopt/atpe.py:19: UserWarning: pkg_resources is deprecated as an API. See https://setuptools.pypa.io/en/latest/pkg_resources.html. The pkg_resources package is slated for removal as early as 2025-11-30. Refrain from using this package or pin to Setuptools<81.
[36m(pid=4016409)[0m   import pkg_resources
[2026-03-06 10:38:40,123 E 4016176 4016176] core_worker.cc:2153: Actor with class name: '_WandbLoggingActor' and ID: 'd52dea30722df94f1afb57a275000000' has constructor arguments in the object store and max_restarts > 0. If the arguments in the object store go out of scope or are lost, the actor restart will fail. See https://github.com/ray-project/ray/issues/53727 for more details.
[36m(_WandbLoggingActor pid=4016513)[0m wandb: WARNING `start_method` is deprecated and will be removed in a future version of wandb. This setting is currently non-functional and safely ignored.
[36m(_WandbLoggingActor pid=4016513)[0m wandb: [wandb.login()] Loaded credentials for https://api.wandb.ai from WANDB_API_KEY.
[36m(_WandbLoggingActor pid=4016513)[0m wandb: Currently logged in as: chiaramallamaci043 (chiaramallamaci043-politecnico-di-bari) to https://api.wandb.ai. Use `wandb login --relogin` to force relogin
[36m(_WandbLoggingActor pid=4016513)[0m wandb: WARNING Using a boolean value for 'reinit' is deprecated. Use 'return_previous' or 'finish_previous' instead.
[36m(_WandbLoggingActor pid=4016513)[0m wandb: setting up run 9c84c_00000
[36m(_WandbLoggingActor pid=4016513)[0m wandb: Tracking run with wandb version 0.25.0
[36m(_WandbLoggingActor pid=4016513)[0m wandb: Run data is saved locally in /tmp/ray/session_2026-02-26_08-49-46_656476_3292889/artifacts/2026-03-06_10-38-27/objective_function_2026-03-06_10-38-27/driver_artifacts/SASRec_gts_95f83599_0_batch_size=128,dropout_prob=0.2000,embedding_size=128,epochs=10000,learning_rate=0.1000,max_seq_len=150,n_he_2026-03-06_10-38-27/wandb/run-20260306_103842-9c84c_00000
[36m(_WandbLoggingActor pid=4016513)[0m wandb: Run `wandb offline` to turn off syncing.
[36m(_WandbLoggingActor pid=4016513)[0m wandb: Syncing run SASRec_gts_95f83599
[36m(_WandbLoggingActor pid=4016513)[0m wandb: ⭐️ View project at https://wandb.ai/chiaramallamaci043-politecnico-di-bari/RecJPQ
[36m(_WandbLoggingActor pid=4016513)[0m wandb: 🚀 View run at https://wandb.ai/chiaramallamaci043-politecnico-di-bari/RecJPQ/runs/9c84c_00000
[36m(objective_function pid=4016409)[0m Checkpoint successfully created at: Checkpoint(filesystem=local, path=/home/chiara/projects/warprec/experiments/lastfm1k/legacy_split_raw_sasjpq/lastfm1k_30000_legacy_split_raw_sasjpq/ray_results/objective_function_2026-03-06_10-38-27/SASRec_gts_95f83599_0_batch_size=128,dropout_prob=0.2000,embedding_size=128,epochs=10000,learning_rate=0.1000,max_seq_len=150,n_he_2026-03-06_10-38-27/checkpoint_000000)
[36m(objective_function pid=4016409)[0m Checkpoint successfully created at: Checkpoint(filesystem=local, path=/home/chiara/projects/warprec/experiments/lastfm1k/legacy_split_raw_sasjpq/lastfm1k_30000_legacy_split_raw_sasjpq/ray_results/objective_function_2026-03-06_10-38-27/SASRec_gts_95f83599_0_batch_size=128,dropout_prob=0.2000,embedding_size=128,epochs=10000,learning_rate=0.1000,max_seq_len=150,n_he_2026-03-06_10-38-27/checkpoint_000001)
[36m(objective_function pid=4016409)[0m Checkpoint successfully created at: Checkpoint(filesystem=local, path=/home/chiara/projects/warprec/experiments/lastfm1k/legacy_split_raw_sasjpq/lastfm1k_30000_legacy_split_raw_sasjpq/ray_results/objective_function_2026-03-06_10-38-27/SASRec_gts_95f83599_0_batch_size=128,dropout_prob=0.2000,embedding_size=128,epochs=10000,learning_rate=0.1000,max_seq_len=150,n_he_2026-03-06_10-38-27/checkpoint_000002)
╭───────────────────────────────────────────────────────────────────────────╮
│ Configuration for experiment     objective_function_2026-03-06_10-38-27   │
├───────────────────────────────────────────────────────────────────────────┤
│ Search algorithm                 BasicVariantGenerator                    │
│ Scheduler                        FIFOSchedulerWrapper                     │
│ Number of trials                 6                                        │
╰───────────────────────────────────────────────────────────────────────────╯

View detailed results here: /home/chiara/projects/warprec/experiments/lastfm1k/legacy_split_raw_sasjpq/lastfm1k_30000_legacy_split_raw_sasjpq/ray_results/objective_function_2026-03-06_10-38-27
To visualize your results with TensorBoard, run: `tensorboard --logdir /tmp/ray/session_2026-02-26_08-49-46_656476_3292889/artifacts/2026-03-06_10-38-27/objective_function_2026-03-06_10-38-27/driver_artifacts`

Trial status: 6 PENDING
Current time: 2026-03-06 10:38:28. Total running time: 0s
Logical resource usage: 0/12 CPUs, 0/2 GPUs (0.0/1.0 accelerator_type:G)
╭──────────────────────────────────────────────────────────────────────────────────────────────────────────────────────────────────────────────────────────────────────────╮
│ Trial name            status       embedding_size     n_layers     n_heads     dropout_prob     weight_decay     batch_size     epochs     learning_rate     max_seq_len │
├──────────────────────────────────────────────────────────────────────────────────────────────────────────────────────────────────────────────────────────────────────────┤
│ SASRec_gts_95f83599   PENDING                 128            3           2              0.2              0              128      10000            0.1                150 │
│ SASRec_gts_0c5be36b   PENDING                 128            3           2              0.2              0              128      10000            0.001              150 │
│ SASRec_gts_89d7de49   PENDING                 128            3           2              0.2              0              128      10000            0.0001             150 │
│ SASRec_gts_db372a12   PENDING                 128            3           2              0.2              0.5            128      10000            0.1                150 │
│ SASRec_gts_c25a4dae   PENDING                 128            3           2              0.2              0.5            128      10000            0.001              150 │
│ SASRec_gts_748d3933   PENDING                 128            3           2              0.2              0.5            128      10000            0.0001             150 │
╰──────────────────────────────────────────────────────────────────────────────────────────────────────────────────────────────────────────────────────────────────────────╯

Trial SASRec_gts_95f83599 started with configuration:
╭────────────────────────────────────────────╮
│ Trial SASRec_gts_95f83599 config           │
├────────────────────────────────────────────┤
│ batch_size                             128 │
│ dropout_prob                           0.2 │
│ embedding_size                         128 │
│ epochs                               10000 │
│ learning_rate                          0.1 │
│ max_seq_len                            150 │
│ n_heads                                  2 │
│ n_layers                                 3 │
│ weight_decay                             0 │
╰────────────────────────────────────────────╯

Trial status: 1 RUNNING | 5 PENDING
Current time: 2026-03-06 10:38:58. Total running time: 30s
Logical resource usage: 12.0/12 CPUs, 1.0/2 GPUs (0.0/1.0 accelerator_type:G)
Current best trial: 9c84c_00000 with nDCG@40=0.010540741495788097 and params={'embedding_size': 128, 'n_layers': 3, 'n_heads': 2, 'dropout_prob': 0.2, 'weight_decay': 0, 'batch_size': 128, 'epochs': 10000, 'learning_rate': 0.1, 'max_seq_len': 150}
╭───────────────────────────────────────────────────────────────────────────────────────────────────────────────────────────────────────────────────────────────────────────────────────────────────────────────────────────────────────────────────────────╮
│ Trial name            status       embedding_size     n_layers     n_heads     dropout_prob     weight_decay     batch_size     epochs     learning_rate     max_seq_len     iter     total time (s)       loss     val_loss     nDCG@40     best_nDCG@40 │
├───────────────────────────────────────────────────────────────────────────────────────────────────────────────────────────────────────────────────────────────────────────────────────────────────────────────────────────────────────────────────────────┤
│ SASRec_gts_95f83599   RUNNING                 128            3           2              0.2              0              128      10000            0.1                150        3            16.5898   0.924517     0.793618   0.0105407        0.0209971 │
│ SASRec_gts_0c5be36b   PENDING                 128            3           2              0.2              0              128      10000            0.001              150                                                                                  │
│ SASRec_gts_89d7de49   PENDING                 128            3           2              0.2              0              128      10000            0.0001             150                                                                                  │
│ SASRec_gts_db372a12   PENDING                 128            3           2              0.2              0.5            128      10000            0.1                150                                                                                  │
│ SASRec_gts_c25a4dae   PENDING                 128            3           2              0.2              0.5            128      10000            0.001              150                                                                                  │
│ SASRec_gts_748d3933   PENDING                 128            3           2              0.2              0.5            128      10000            0.0001             150                                                                                  │
╰───────────────────────────────────────────────────────────────────────────────────────────────────────────────────────────────────────────────────────────────────────────────────────────────────────────────────────────────────────────────────────────╯[36m(objective_function pid=4016409)[0m Checkpoint successfully created at: Checkpoint(filesystem=local, path=/home/chiara/projects/warprec/experiments/lastfm1k/legacy_split_raw_sasjpq/lastfm1k_30000_legacy_split_raw_sasjpq/ray_results/objective_function_2026-03-06_10-38-27/SASRec_gts_95f83599_0_batch_size=128,dropout_prob=0.2000,embedding_size=128,epochs=10000,learning_rate=0.1000,max_seq_len=150,n_he_2026-03-06_10-38-27/checkpoint_000003)
[36m(objective_function pid=4016409)[0m Checkpoint successfully created at: Checkpoint(filesystem=local, path=/home/chiara/projects/warprec/experiments/lastfm1k/legacy_split_raw_sasjpq/lastfm1k_30000_legacy_split_raw_sasjpq/ray_results/objective_function_2026-03-06_10-38-27/SASRec_gts_95f83599_0_batch_size=128,dropout_prob=0.2000,embedding_size=128,epochs=10000,learning_rate=0.1000,max_seq_len=150,n_he_2026-03-06_10-38-27/checkpoint_000004)
[36m(objective_function pid=4016409)[0m Checkpoint successfully created at: Checkpoint(filesystem=local, path=/home/chiara/projects/warprec/experiments/lastfm1k/legacy_split_raw_sasjpq/lastfm1k_30000_legacy_split_raw_sasjpq/ray_results/objective_function_2026-03-06_10-38-27/SASRec_gts_95f83599_0_batch_size=128,dropout_prob=0.2000,embedding_size=128,epochs=10000,learning_rate=0.1000,max_seq_len=150,n_he_2026-03-06_10-38-27/checkpoint_000005)
[36m(objective_function pid=4016409)[0m Checkpoint successfully created at: Checkpoint(filesystem=local, path=/home/chiara/projects/warprec/experiments/lastfm1k/legacy_split_raw_sasjpq/lastfm1k_30000_legacy_split_raw_sasjpq/ray_results/objective_function_2026-03-06_10-38-27/SASRec_gts_95f83599_0_batch_size=128,dropout_prob=0.2000,embedding_size=128,epochs=10000,learning_rate=0.1000,max_seq_len=150,n_he_2026-03-06_10-38-27/checkpoint_000006)
[36m(objective_function pid=4016409)[0m Checkpoint successfully created at: Checkpoint(filesystem=local, path=/home/chiara/projects/warprec/experiments/lastfm1k/legacy_split_raw_sasjpq/lastfm1k_30000_legacy_split_raw_sasjpq/ray_results/objective_function_2026-03-06_10-38-27/SASRec_gts_95f83599_0_batch_size=128,dropout_prob=0.2000,embedding_size=128,epochs=10000,learning_rate=0.1000,max_seq_len=150,n_he_2026-03-06_10-38-27/checkpoint_000007)
[36m(objective_function pid=4016409)[0m Checkpoint successfully created at: Checkpoint(filesystem=local, path=/home/chiara/projects/warprec/experiments/lastfm1k/legacy_split_raw_sasjpq/lastfm1k_30000_legacy_split_raw_sasjpq/ray_results/objective_function_2026-03-06_10-38-27/SASRec_gts_95f83599_0_batch_size=128,dropout_prob=0.2000,embedding_size=128,epochs=10000,learning_rate=0.1000,max_seq_len=150,n_he_2026-03-06_10-38-27/checkpoint_000008)
[36m(objective_function pid=4016409)[0m Checkpoint successfully created at: Checkpoint(filesystem=local, path=/home/chiara/projects/warprec/experiments/lastfm1k/legacy_split_raw_sasjpq/lastfm1k_30000_legacy_split_raw_sasjpq/ray_results/objective_function_2026-03-06_10-38-27/SASRec_gts_95f83599_0_batch_size=128,dropout_prob=0.2000,embedding_size=128,epochs=10000,learning_rate=0.1000,max_seq_len=150,n_he_2026-03-06_10-38-27/checkpoint_000009)
[36m(objective_function pid=4016409)[0m Checkpoint successfully created at: Checkpoint(filesystem=local, path=/home/chiara/projects/warprec/experiments/lastfm1k/legacy_split_raw_sasjpq/lastfm1k_30000_legacy_split_raw_sasjpq/ray_results/objective_function_2026-03-06_10-38-27/SASRec_gts_95f83599_0_batch_size=128,dropout_prob=0.2000,embedding_size=128,epochs=10000,learning_rate=0.1000,max_seq_len=150,n_he_2026-03-06_10-38-27/checkpoint_000010)
[36m(objective_function pid=4016409)[0m Checkpoint successfully created at: Checkpoint(filesystem=local, path=/home/chiara/projects/warprec/experiments/lastfm1k/legacy_split_raw_sasjpq/lastfm1k_30000_legacy_split_raw_sasjpq/ray_results/objective_function_2026-03-06_10-38-27/SASRec_gts_95f83599_0_batch_size=128,dropout_prob=0.2000,embedding_size=128,epochs=10000,learning_rate=0.1000,max_seq_len=150,n_he_2026-03-06_10-38-27/checkpoint_000011)
[36m(objective_function pid=4016409)[0m Checkpoint successfully created at: Checkpoint(filesystem=local, path=/home/chiara/projects/warprec/experiments/lastfm1k/legacy_split_raw_sasjpq/lastfm1k_30000_legacy_split_raw_sasjpq/ray_results/objective_function_2026-03-06_10-38-27/SASRec_gts_95f83599_0_batch_size=128,dropout_prob=0.2000,embedding_size=128,epochs=10000,learning_rate=0.1000,max_seq_len=150,n_he_2026-03-06_10-38-27/checkpoint_000012)
[36m(objective_function pid=4016409)[0m Checkpoint successfully created at: Checkpoint(filesystem=local, path=/home/chiara/projects/warprec/experiments/lastfm1k/legacy_split_raw_sasjpq/lastfm1k_30000_legacy_split_raw_sasjpq/ray_results/objective_function_2026-03-06_10-38-27/SASRec_gts_95f83599_0_batch_size=128,dropout_prob=0.2000,embedding_size=128,epochs=10000,learning_rate=0.1000,max_seq_len=150,n_he_2026-03-06_10-38-27/checkpoint_000013)
[36m(objective_function pid=4016409)[0m Checkpoint successfully created at: Checkpoint(filesystem=local, path=/home/chiara/projects/warprec/experiments/lastfm1k/legacy_split_raw_sasjpq/lastfm1k_30000_legacy_split_raw_sasjpq/ray_results/objective_function_2026-03-06_10-38-27/SASRec_gts_95f83599_0_batch_size=128,dropout_prob=0.2000,embedding_size=128,epochs=10000,learning_rate=0.1000,max_seq_len=150,n_he_2026-03-06_10-38-27/checkpoint_000014)
[36m(objective_function pid=4016409)[0m Checkpoint successfully created at: Checkpoint(filesystem=local, path=/home/chiara/projects/warprec/experiments/lastfm1k/legacy_split_raw_sasjpq/lastfm1k_30000_legacy_split_raw_sasjpq/ray_results/objective_function_2026-03-06_10-38-27/SASRec_gts_95f83599_0_batch_size=128,dropout_prob=0.2000,embedding_size=128,epochs=10000,learning_rate=0.1000,max_seq_len=150,n_he_2026-03-06_10-38-27/checkpoint_000015)
[36m(objective_function pid=4016409)[0m Checkpoint successfully created at: Checkpoint(filesystem=local, path=/home/chiara/projects/warprec/experiments/lastfm1k/legacy_split_raw_sasjpq/lastfm1k_30000_legacy_split_raw_sasjpq/ray_results/objective_function_2026-03-06_10-38-27/SASRec_gts_95f83599_0_batch_size=128,dropout_prob=0.2000,embedding_size=128,epochs=10000,learning_rate=0.1000,max_seq_len=150,n_he_2026-03-06_10-38-27/checkpoint_000016)
[36m(objective_function pid=4016409)[0m Checkpoint successfully created at: Checkpoint(filesystem=local, path=/home/chiara/projects/warprec/experiments/lastfm1k/legacy_split_raw_sasjpq/lastfm1k_30000_legacy_split_raw_sasjpq/ray_results/objective_function_2026-03-06_10-38-27/SASRec_gts_95f83599_0_batch_size=128,dropout_prob=0.2000,embedding_size=128,epochs=10000,learning_rate=0.1000,max_seq_len=150,n_he_2026-03-06_10-38-27/checkpoint_000017)
[36m(objective_function pid=4016409)[0m Checkpoint successfully created at: Checkpoint(filesystem=local, path=/home/chiara/projects/warprec/experiments/lastfm1k/legacy_split_raw_sasjpq/lastfm1k_30000_legacy_split_raw_sasjpq/ray_results/objective_function_2026-03-06_10-38-27/SASRec_gts_95f83599_0_batch_size=128,dropout_prob=0.2000,embedding_size=128,epochs=10000,learning_rate=0.1000,max_seq_len=150,n_he_2026-03-06_10-38-27/checkpoint_000018)
[36m(objective_function pid=4016409)[0m Checkpoint successfully created at: Checkpoint(filesystem=local, path=/home/chiara/projects/warprec/experiments/lastfm1k/legacy_split_raw_sasjpq/lastfm1k_30000_legacy_split_raw_sasjpq/ray_results/objective_function_2026-03-06_10-38-27/SASRec_gts_95f83599_0_batch_size=128,dropout_prob=0.2000,embedding_size=128,epochs=10000,learning_rate=0.1000,max_seq_len=150,n_he_2026-03-06_10-38-27/checkpoint_000019)
[36m(objective_function pid=4016409)[0m Checkpoint successfully created at: Checkpoint(filesystem=local, path=/home/chiara/projects/warprec/experiments/lastfm1k/legacy_split_raw_sasjpq/lastfm1k_30000_legacy_split_raw_sasjpq/ray_results/objective_function_2026-03-06_10-38-27/SASRec_gts_95f83599_0_batch_size=128,dropout_prob=0.2000,embedding_size=128,epochs=10000,learning_rate=0.1000,max_seq_len=150,n_he_2026-03-06_10-38-27/checkpoint_000020)
[36m(objective_function pid=4016409)[0m Checkpoint successfully created at: Checkpoint(filesystem=local, path=/home/chiara/projects/warprec/experiments/lastfm1k/legacy_split_raw_sasjpq/lastfm1k_30000_legacy_split_raw_sasjpq/ray_results/objective_function_2026-03-06_10-38-27/SASRec_gts_95f83599_0_batch_size=128,dropout_prob=0.2000,embedding_size=128,epochs=10000,learning_rate=0.1000,max_seq_len=150,n_he_2026-03-06_10-38-27/checkpoint_000021)
[36m(objective_function pid=4016409)[0m Checkpoint successfully created at: Checkpoint(filesystem=local, path=/home/chiara/projects/warprec/experiments/lastfm1k/legacy_split_raw_sasjpq/lastfm1k_30000_legacy_split_raw_sasjpq/ray_results/objective_function_2026-03-06_10-38-27/SASRec_gts_95f83599_0_batch_size=128,dropout_prob=0.2000,embedding_size=128,epochs=10000,learning_rate=0.1000,max_seq_len=150,n_he_2026-03-06_10-38-27/checkpoint_000022)
[36m(objective_function pid=4016409)[0m Checkpoint successfully created at: Checkpoint(filesystem=local, path=/home/chiara/projects/warprec/experiments/lastfm1k/legacy_split_raw_sasjpq/lastfm1k_30000_legacy_split_raw_sasjpq/ray_results/objective_function_2026-03-06_10-38-27/SASRec_gts_95f83599_0_batch_size=128,dropout_prob=0.2000,embedding_size=128,epochs=10000,learning_rate=0.1000,max_seq_len=150,n_he_2026-03-06_10-38-27/checkpoint_000023)
[36m(objective_function pid=4016409)[0m Checkpoint successfully created at: Checkpoint(filesystem=local, path=/home/chiara/projects/warprec/experiments/lastfm1k/legacy_split_raw_sasjpq/lastfm1k_30000_legacy_split_raw_sasjpq/ray_results/objective_function_2026-03-06_10-38-27/SASRec_gts_95f83599_0_batch_size=128,dropout_prob=0.2000,embedding_size=128,epochs=10000,learning_rate=0.1000,max_seq_len=150,n_he_2026-03-06_10-38-27/checkpoint_000024)
[36m(objective_function pid=4016409)[0m Checkpoint successfully created at: Checkpoint(filesystem=local, path=/home/chiara/projects/warprec/experiments/lastfm1k/legacy_split_raw_sasjpq/lastfm1k_30000_legacy_split_raw_sasjpq/ray_results/objective_function_2026-03-06_10-38-27/SASRec_gts_95f83599_0_batch_size=128,dropout_prob=0.2000,embedding_size=128,epochs=10000,learning_rate=0.1000,max_seq_len=150,n_he_2026-03-06_10-38-27/checkpoint_000025)
[36m(objective_function pid=4016409)[0m Checkpoint successfully created at: Checkpoint(filesystem=local, path=/home/chiara/projects/warprec/experiments/lastfm1k/legacy_split_raw_sasjpq/lastfm1k_30000_legacy_split_raw_sasjpq/ray_results/objective_function_2026-03-06_10-38-27/SASRec_gts_95f83599_0_batch_size=128,dropout_prob=0.2000,embedding_size=128,epochs=10000,learning_rate=0.1000,max_seq_len=150,n_he_2026-03-06_10-38-27/checkpoint_000026)
[36m(objective_function pid=4016409)[0m Checkpoint successfully created at: Checkpoint(filesystem=local, path=/home/chiara/projects/warprec/experiments/lastfm1k/legacy_split_raw_sasjpq/lastfm1k_30000_legacy_split_raw_sasjpq/ray_results/objective_function_2026-03-06_10-38-27/SASRec_gts_95f83599_0_batch_size=128,dropout_prob=0.2000,embedding_size=128,epochs=10000,learning_rate=0.1000,max_seq_len=150,n_he_2026-03-06_10-38-27/checkpoint_000027)
[36m(objective_function pid=4016409)[0m Checkpoint successfully created at: Checkpoint(filesystem=local, path=/home/chiara/projects/warprec/experiments/lastfm1k/legacy_split_raw_sasjpq/lastfm1k_30000_legacy_split_raw_sasjpq/ray_results/objective_function_2026-03-06_10-38-27/SASRec_gts_95f83599_0_batch_size=128,dropout_prob=0.2000,embedding_size=128,epochs=10000,learning_rate=0.1000,max_seq_len=150,n_he_2026-03-06_10-38-27/checkpoint_000028)
[36m(objective_function pid=4016409)[0m Checkpoint successfully created at: Checkpoint(filesystem=local, path=/home/chiara/projects/warprec/experiments/lastfm1k/legacy_split_raw_sasjpq/lastfm1k_30000_legacy_split_raw_sasjpq/ray_results/objective_function_2026-03-06_10-38-27/SASRec_gts_95f83599_0_batch_size=128,dropout_prob=0.2000,embedding_size=128,epochs=10000,learning_rate=0.1000,max_seq_len=150,n_he_2026-03-06_10-38-27/checkpoint_000029)
[36m(objective_function pid=4016409)[0m Checkpoint successfully created at: Checkpoint(filesystem=local, path=/home/chiara/projects/warprec/experiments/lastfm1k/legacy_split_raw_sasjpq/lastfm1k_30000_legacy_split_raw_sasjpq/ray_results/objective_function_2026-03-06_10-38-27/SASRec_gts_95f83599_0_batch_size=128,dropout_prob=0.2000,embedding_size=128,epochs=10000,learning_rate=0.1000,max_seq_len=150,n_he_2026-03-06_10-38-27/checkpoint_000030)
[36m(objective_function pid=4016409)[0m Checkpoint successfully created at: Checkpoint(filesystem=local, path=/home/chiara/projects/warprec/experiments/lastfm1k/legacy_split_raw_sasjpq/lastfm1k_30000_legacy_split_raw_sasjpq/ray_results/objective_function_2026-03-06_10-38-27/SASRec_gts_95f83599_0_batch_size=128,dropout_prob=0.2000,embedding_size=128,epochs=10000,learning_rate=0.1000,max_seq_len=150,n_he_2026-03-06_10-38-27/checkpoint_000031)

Trial status: 1 RUNNING | 5 PENDING
Current time: 2026-03-06 10:39:28. Total running time: 1min 0s
Logical resource usage: 12.0/12 CPUs, 1.0/2 GPUs (0.0/1.0 accelerator_type:G)
Current best trial: 9c84c_00000 with nDCG@40=0.08009810745716095 and params={'embedding_size': 128, 'n_layers': 3, 'n_heads': 2, 'dropout_prob': 0.2, 'weight_decay': 0, 'batch_size': 128, 'epochs': 10000, 'learning_rate': 0.1, 'max_seq_len': 150}
╭───────────────────────────────────────────────────────────────────────────────────────────────────────────────────────────────────────────────────────────────────────────────────────────────────────────────────────────────────────────────────────────╮
│ Trial name            status       embedding_size     n_layers     n_heads     dropout_prob     weight_decay     batch_size     epochs     learning_rate     max_seq_len     iter     total time (s)       loss     val_loss     nDCG@40     best_nDCG@40 │
├───────────────────────────────────────────────────────────────────────────────────────────────────────────────────────────────────────────────────────────────────────────────────────────────────────────────────────────────────────────────────────────┤
│ SASRec_gts_95f83599   RUNNING                 128            3           2              0.2              0              128      10000            0.1                150       17            45.2006   0.532789      0.65518   0.0800981        0.0800981 │
│ SASRec_gts_0c5be36b   PENDING                 128            3           2              0.2              0              128      10000            0.001              150                                                                                  │
│ SASRec_gts_89d7de49   PENDING                 128            3           2              0.2              0              128      10000            0.0001             150                                                                                  │
│ SASRec_gts_db372a12   PENDING                 128            3           2              0.2              0.5            128      10000            0.1                150                                                                                  │
│ SASRec_gts_c25a4dae   PENDING                 128            3           2              0.2              0.5            128      10000            0.001              150                                                                                  │
│ SASRec_gts_748d3933   PENDING                 128            3           2              0.2              0.5            128      10000            0.0001             150                                                                                  │
╰───────────────────────────────────────────────────────────────────────────────────────────────────────────────────────────────────────────────────────────────────────────────────────────────────────────────────────────────────────────────────────────╯
Trial status: 1 RUNNING | 5 PENDING
Current time: 2026-03-06 10:39:58. Total running time: 1min 30s
Logical resource usage: 12.0/12 CPUs, 1.0/2 GPUs (0.0/1.0 accelerator_type:G)
Current best trial: 9c84c_00000 with nDCG@40=0.07030203938484192 and params={'embedding_size': 128, 'n_layers': 3, 'n_heads': 2, 'dropout_prob': 0.2, 'weight_decay': 0, 'batch_size': 128, 'epochs': 10000, 'learning_rate': 0.1, 'max_seq_len': 150}
╭───────────────────────────────────────────────────────────────────────────────────────────────────────────────────────────────────────────────────────────────────────────────────────────────────────────────────────────────────────────────────────────╮
│ Trial name            status       embedding_size     n_layers     n_heads     dropout_prob     weight_decay     batch_size     epochs     learning_rate     max_seq_len     iter     total time (s)       loss     val_loss     nDCG@40     best_nDCG@40 │
├───────────────────────────────────────────────────────────────────────────────────────────────────────────────────────────────────────────────────────────────────────────────────────────────────────────────────────────────────────────────────────────┤
│ SASRec_gts_95f83599   RUNNING                 128            3           2              0.2              0              128      10000            0.1                150       32             75.992   0.535894     0.613369    0.070302        0.0925078 │
│ SASRec_gts_0c5be36b   PENDING                 128            3           2              0.2              0              128      10000            0.001              150                                                                                  │
│ SASRec_gts_89d7de49   PENDING                 128            3           2              0.2              0              128      10000            0.0001             150                                                                                  │
│ SASRec_gts_db372a12   PENDING                 128            3           2              0.2              0.5            128      10000            0.1                150                                                                                  │
│ SASRec_gts_c25a4dae   PENDING                 128            3           2              0.2              0.5            128      10000            0.001              150                                                                                  │
│ SASRec_gts_748d3933   PENDING                 128            3           2              0.2              0.5            128      10000            0.0001             150                                                                                  │
╰───────────────────────────────────────────────────────────────────────────────────────────────────────────────────────────────────────────────────────────────────────────────────────────────────────────────────────────────────────────────────────────╯[36m(objective_function pid=4016409)[0m Checkpoint successfully created at: Checkpoint(filesystem=local, path=/home/chiara/projects/warprec/experiments/lastfm1k/legacy_split_raw_sasjpq/lastfm1k_30000_legacy_split_raw_sasjpq/ray_results/objective_function_2026-03-06_10-38-27/SASRec_gts_95f83599_0_batch_size=128,dropout_prob=0.2000,embedding_size=128,epochs=10000,learning_rate=0.1000,max_seq_len=150,n_he_2026-03-06_10-38-27/checkpoint_000032)
[36m(objective_function pid=4016409)[0m Checkpoint successfully created at: Checkpoint(filesystem=local, path=/home/chiara/projects/warprec/experiments/lastfm1k/legacy_split_raw_sasjpq/lastfm1k_30000_legacy_split_raw_sasjpq/ray_results/objective_function_2026-03-06_10-38-27/SASRec_gts_95f83599_0_batch_size=128,dropout_prob=0.2000,embedding_size=128,epochs=10000,learning_rate=0.1000,max_seq_len=150,n_he_2026-03-06_10-38-27/checkpoint_000033)
[36m(objective_function pid=4016409)[0m Checkpoint successfully created at: Checkpoint(filesystem=local, path=/home/chiara/projects/warprec/experiments/lastfm1k/legacy_split_raw_sasjpq/lastfm1k_30000_legacy_split_raw_sasjpq/ray_results/objective_function_2026-03-06_10-38-27/SASRec_gts_95f83599_0_batch_size=128,dropout_prob=0.2000,embedding_size=128,epochs=10000,learning_rate=0.1000,max_seq_len=150,n_he_2026-03-06_10-38-27/checkpoint_000034)
[36m(objective_function pid=4016409)[0m Checkpoint successfully created at: Checkpoint(filesystem=local, path=/home/chiara/projects/warprec/experiments/lastfm1k/legacy_split_raw_sasjpq/lastfm1k_30000_legacy_split_raw_sasjpq/ray_results/objective_function_2026-03-06_10-38-27/SASRec_gts_95f83599_0_batch_size=128,dropout_prob=0.2000,embedding_size=128,epochs=10000,learning_rate=0.1000,max_seq_len=150,n_he_2026-03-06_10-38-27/checkpoint_000035)
[36m(objective_function pid=4016409)[0m Checkpoint successfully created at: Checkpoint(filesystem=local, path=/home/chiara/projects/warprec/experiments/lastfm1k/legacy_split_raw_sasjpq/lastfm1k_30000_legacy_split_raw_sasjpq/ray_results/objective_function_2026-03-06_10-38-27/SASRec_gts_95f83599_0_batch_size=128,dropout_prob=0.2000,embedding_size=128,epochs=10000,learning_rate=0.1000,max_seq_len=150,n_he_2026-03-06_10-38-27/checkpoint_000036)
[36m(objective_function pid=4016409)[0m Checkpoint successfully created at: Checkpoint(filesystem=local, path=/home/chiara/projects/warprec/experiments/lastfm1k/legacy_split_raw_sasjpq/lastfm1k_30000_legacy_split_raw_sasjpq/ray_results/objective_function_2026-03-06_10-38-27/SASRec_gts_95f83599_0_batch_size=128,dropout_prob=0.2000,embedding_size=128,epochs=10000,learning_rate=0.1000,max_seq_len=150,n_he_2026-03-06_10-38-27/checkpoint_000037)
[36m(objective_function pid=4016409)[0m Checkpoint successfully created at: Checkpoint(filesystem=local, path=/home/chiara/projects/warprec/experiments/lastfm1k/legacy_split_raw_sasjpq/lastfm1k_30000_legacy_split_raw_sasjpq/ray_results/objective_function_2026-03-06_10-38-27/SASRec_gts_95f83599_0_batch_size=128,dropout_prob=0.2000,embedding_size=128,epochs=10000,learning_rate=0.1000,max_seq_len=150,n_he_2026-03-06_10-38-27/checkpoint_000038)
[36m(objective_function pid=4016409)[0m Checkpoint successfully created at: Checkpoint(filesystem=local, path=/home/chiara/projects/warprec/experiments/lastfm1k/legacy_split_raw_sasjpq/lastfm1k_30000_legacy_split_raw_sasjpq/ray_results/objective_function_2026-03-06_10-38-27/SASRec_gts_95f83599_0_batch_size=128,dropout_prob=0.2000,embedding_size=128,epochs=10000,learning_rate=0.1000,max_seq_len=150,n_he_2026-03-06_10-38-27/checkpoint_000039)
[36m(objective_function pid=4016409)[0m Checkpoint successfully created at: Checkpoint(filesystem=local, path=/home/chiara/projects/warprec/experiments/lastfm1k/legacy_split_raw_sasjpq/lastfm1k_30000_legacy_split_raw_sasjpq/ray_results/objective_function_2026-03-06_10-38-27/SASRec_gts_95f83599_0_batch_size=128,dropout_prob=0.2000,embedding_size=128,epochs=10000,learning_rate=0.1000,max_seq_len=150,n_he_2026-03-06_10-38-27/checkpoint_000040)
[36m(objective_function pid=4016409)[0m Checkpoint successfully created at: Checkpoint(filesystem=local, path=/home/chiara/projects/warprec/experiments/lastfm1k/legacy_split_raw_sasjpq/lastfm1k_30000_legacy_split_raw_sasjpq/ray_results/objective_function_2026-03-06_10-38-27/SASRec_gts_95f83599_0_batch_size=128,dropout_prob=0.2000,embedding_size=128,epochs=10000,learning_rate=0.1000,max_seq_len=150,n_he_2026-03-06_10-38-27/checkpoint_000041)
[36m(objective_function pid=4016409)[0m Checkpoint successfully created at: Checkpoint(filesystem=local, path=/home/chiara/projects/warprec/experiments/lastfm1k/legacy_split_raw_sasjpq/lastfm1k_30000_legacy_split_raw_sasjpq/ray_results/objective_function_2026-03-06_10-38-27/SASRec_gts_95f83599_0_batch_size=128,dropout_prob=0.2000,embedding_size=128,epochs=10000,learning_rate=0.1000,max_seq_len=150,n_he_2026-03-06_10-38-27/checkpoint_000042)
[36m(objective_function pid=4016409)[0m Checkpoint successfully created at: Checkpoint(filesystem=local, path=/home/chiara/projects/warprec/experiments/lastfm1k/legacy_split_raw_sasjpq/lastfm1k_30000_legacy_split_raw_sasjpq/ray_results/objective_function_2026-03-06_10-38-27/SASRec_gts_95f83599_0_batch_size=128,dropout_prob=0.2000,embedding_size=128,epochs=10000,learning_rate=0.1000,max_seq_len=150,n_he_2026-03-06_10-38-27/checkpoint_000043)
[36m(objective_function pid=4016409)[0m Checkpoint successfully created at: Checkpoint(filesystem=local, path=/home/chiara/projects/warprec/experiments/lastfm1k/legacy_split_raw_sasjpq/lastfm1k_30000_legacy_split_raw_sasjpq/ray_results/objective_function_2026-03-06_10-38-27/SASRec_gts_95f83599_0_batch_size=128,dropout_prob=0.2000,embedding_size=128,epochs=10000,learning_rate=0.1000,max_seq_len=150,n_he_2026-03-06_10-38-27/checkpoint_000044)
[36m(objective_function pid=4016409)[0m Checkpoint successfully created at: Checkpoint(filesystem=local, path=/home/chiara/projects/warprec/experiments/lastfm1k/legacy_split_raw_sasjpq/lastfm1k_30000_legacy_split_raw_sasjpq/ray_results/objective_function_2026-03-06_10-38-27/SASRec_gts_95f83599_0_batch_size=128,dropout_prob=0.2000,embedding_size=128,epochs=10000,learning_rate=0.1000,max_seq_len=150,n_he_2026-03-06_10-38-27/checkpoint_000045)
[36m(objective_function pid=4016409)[0m Checkpoint successfully created at: Checkpoint(filesystem=local, path=/home/chiara/projects/warprec/experiments/lastfm1k/legacy_split_raw_sasjpq/lastfm1k_30000_legacy_split_raw_sasjpq/ray_results/objective_function_2026-03-06_10-38-27/SASRec_gts_95f83599_0_batch_size=128,dropout_prob=0.2000,embedding_size=128,epochs=10000,learning_rate=0.1000,max_seq_len=150,n_he_2026-03-06_10-38-27/checkpoint_000046)
[36m(objective_function pid=4016409)[0m Checkpoint successfully created at: Checkpoint(filesystem=local, path=/home/chiara/projects/warprec/experiments/lastfm1k/legacy_split_raw_sasjpq/lastfm1k_30000_legacy_split_raw_sasjpq/ray_results/objective_function_2026-03-06_10-38-27/SASRec_gts_95f83599_0_batch_size=128,dropout_prob=0.2000,embedding_size=128,epochs=10000,learning_rate=0.1000,max_seq_len=150,n_he_2026-03-06_10-38-27/checkpoint_000047)
[36m(objective_function pid=4016409)[0m Checkpoint successfully created at: Checkpoint(filesystem=local, path=/home/chiara/projects/warprec/experiments/lastfm1k/legacy_split_raw_sasjpq/lastfm1k_30000_legacy_split_raw_sasjpq/ray_results/objective_function_2026-03-06_10-38-27/SASRec_gts_95f83599_0_batch_size=128,dropout_prob=0.2000,embedding_size=128,epochs=10000,learning_rate=0.1000,max_seq_len=150,n_he_2026-03-06_10-38-27/checkpoint_000048)
[36m(objective_function pid=4016409)[0m Checkpoint successfully created at: Checkpoint(filesystem=local, path=/home/chiara/projects/warprec/experiments/lastfm1k/legacy_split_raw_sasjpq/lastfm1k_30000_legacy_split_raw_sasjpq/ray_results/objective_function_2026-03-06_10-38-27/SASRec_gts_95f83599_0_batch_size=128,dropout_prob=0.2000,embedding_size=128,epochs=10000,learning_rate=0.1000,max_seq_len=150,n_he_2026-03-06_10-38-27/checkpoint_000049)
[36m(objective_function pid=4016409)[0m Checkpoint successfully created at: Checkpoint(filesystem=local, path=/home/chiara/projects/warprec/experiments/lastfm1k/legacy_split_raw_sasjpq/lastfm1k_30000_legacy_split_raw_sasjpq/ray_results/objective_function_2026-03-06_10-38-27/SASRec_gts_95f83599_0_batch_size=128,dropout_prob=0.2000,embedding_size=128,epochs=10000,learning_rate=0.1000,max_seq_len=150,n_he_2026-03-06_10-38-27/checkpoint_000050)
[36m(objective_function pid=4016409)[0m Checkpoint successfully created at: Checkpoint(filesystem=local, path=/home/chiara/projects/warprec/experiments/lastfm1k/legacy_split_raw_sasjpq/lastfm1k_30000_legacy_split_raw_sasjpq/ray_results/objective_function_2026-03-06_10-38-27/SASRec_gts_95f83599_0_batch_size=128,dropout_prob=0.2000,embedding_size=128,epochs=10000,learning_rate=0.1000,max_seq_len=150,n_he_2026-03-06_10-38-27/checkpoint_000051)
[36m(objective_function pid=4016409)[0m Checkpoint successfully created at: Checkpoint(filesystem=local, path=/home/chiara/projects/warprec/experiments/lastfm1k/legacy_split_raw_sasjpq/lastfm1k_30000_legacy_split_raw_sasjpq/ray_results/objective_function_2026-03-06_10-38-27/SASRec_gts_95f83599_0_batch_size=128,dropout_prob=0.2000,embedding_size=128,epochs=10000,learning_rate=0.1000,max_seq_len=150,n_he_2026-03-06_10-38-27/checkpoint_000052)
[36m(objective_function pid=4016409)[0m Checkpoint successfully created at: Checkpoint(filesystem=local, path=/home/chiara/projects/warprec/experiments/lastfm1k/legacy_split_raw_sasjpq/lastfm1k_30000_legacy_split_raw_sasjpq/ray_results/objective_function_2026-03-06_10-38-27/SASRec_gts_95f83599_0_batch_size=128,dropout_prob=0.2000,embedding_size=128,epochs=10000,learning_rate=0.1000,max_seq_len=150,n_he_2026-03-06_10-38-27/checkpoint_000053)
*** SIGTERM received at time=1772793648 on cpu 3 ***
[36m(objective_function pid=4016409)[0m Checkpoint successfully created at: Checkpoint(filesystem=local, path=/home/chiara/projects/warprec/experiments/lastfm1k/legacy_split_raw_sasjpq/lastfm1k_30000_legacy_split_raw_sasjpq/ray_results/objective_function_2026-03-06_10-38-27/SASRec_gts_95f83599_0_batch_size=128,dropout_prob=0.2000,embedding_size=128,epochs=10000,learning_rate=0.1000,max_seq_len=150,n_he_2026-03-06_10-38-27/checkpoint_000054)
PC: @     0x789e85098d71  (unknown)  (unknown)
    @     0x789e85045330       1536  (unknown)
    @     0x789e8509b7ed        208  pthread_cond_wait
    @     0x789db4a3581b  (unknown)  blas_thread_server
[2026-03-06 10:40:48,439 E 4016176 4016179] logging.cc:474: *** SIGTERM received at time=1772793648 on cpu 3 ***
[2026-03-06 10:40:48,439 E 4016176 4016179] logging.cc:474: PC: @     0x789e85098d71  (unknown)  (unknown)
[2026-03-06 10:40:48,440 E 4016176 4016179] logging.cc:474:     @     0x789e85045330       1536  (unknown)
[2026-03-06 10:40:48,440 E 4016176 4016179] logging.cc:474:     @     0x789e8509b7ed        208  pthread_cond_wait
[2026-03-06 10:40:48,440 E 4016176 4016179] logging.cc:474:     @     0x789db4a3581b  (unknown)  blas_thread_server

Trial status: 1 RUNNING | 5 PENDING
Current time: 2026-03-06 10:40:28. Total running time: 2min 0s
Logical resource usage: 12.0/12 CPUs, 1.0/2 GPUs (0.0/1.0 accelerator_type:G)
Current best trial: 9c84c_00000 with nDCG@40=0.07679782062768936 and params={'embedding_size': 128, 'n_layers': 3, 'n_heads': 2, 'dropout_prob': 0.2, 'weight_decay': 0, 'batch_size': 128, 'epochs': 10000, 'learning_rate': 0.1, 'max_seq_len': 150}
╭───────────────────────────────────────────────────────────────────────────────────────────────────────────────────────────────────────────────────────────────────────────────────────────────────────────────────────────────────────────────────────────╮
│ Trial name            status       embedding_size     n_layers     n_heads     dropout_prob     weight_decay     batch_size     epochs     learning_rate     max_seq_len     iter     total time (s)       loss     val_loss     nDCG@40     best_nDCG@40 │
├───────────────────────────────────────────────────────────────────────────────────────────────────────────────────────────────────────────────────────────────────────────────────────────────────────────────────────────────────────────────────────────┤
│ SASRec_gts_95f83599   RUNNING                 128            3           2              0.2              0              128      10000            0.1                150       46            105.024   0.529542     0.632525   0.0767978        0.0925078 │
│ SASRec_gts_0c5be36b   PENDING                 128            3           2              0.2              0              128      10000            0.001              150                                                                                  │
│ SASRec_gts_89d7de49   PENDING                 128            3           2              0.2              0              128      10000            0.0001             150                                                                                  │
│ SASRec_gts_db372a12   PENDING                 128            3           2              0.2              0.5            128      10000            0.1                150                                                                                  │
│ SASRec_gts_c25a4dae   PENDING                 128            3           2              0.2              0.5            128      10000            0.001              150                                                                                  │
│ SASRec_gts_748d3933   PENDING                 128            3           2              0.2              0.5            128      10000            0.0001             150                                                                                  │
╰───────────────────────────────────────────────────────────────────────────────────────────────────────────────────────────────────────────────────────────────────────────────────────────────────────────────────────────────────────────────────────────╯
